#
# There is insufficient memory for the Java Runtime Environment to continue.
# Native memory allocation (mmap) failed to map 100663296 bytes for Failed to commit area from 0x00000000a0c00000 to 0x00000000a6c00000 of length 100663296.
# Possible reasons:
#   The system is out of physical RAM or swap space
#   The process is running with CompressedOops enabled, and the Java Heap may be blocking the growth of the native heap
# Possible solutions:
#   Reduce memory load on the system
#   Increase physical memory or swap space
#   Check if swap backing store is full
#   Decrease Java heap size (-Xmx/-Xms)
#   Decrease number of Java threads
#   Decrease Java thread stack sizes (-Xss)
#   Set larger code cache with -XX:ReservedCodeCacheSize=
# This output file may be truncated or incomplete.
#
#  Out of Memory Error (c:/BuildAgent/work/5ff2f6c26000d570/src/hotspot/os/windows/os_windows.cpp:3281), pid=13636, tid=18908
#
# JRE version:  (11.0.4+10) (build )
# Java VM: OpenJDK 64-Bit Server VM (11.0.4+10-b304.77, mixed mode, aot, sharing, tiered, compressed oops, g1 gc, windows-amd64)
# No core dump will be written. Minidumps are not enabled by default on client versions of Windows
#

---------------  S U M M A R Y ------------

Command Line: org.jetbrains.git4idea.nativessh.GitNativeSshAskPassApp dut19_groupe2@172.31.146.100's password: 

Host: Intel(R) Core(TM) i7-3630QM CPU @ 2.40GHz, 8 cores, 5G,  Windows 10 , 64 bit Build 17763 (10.0.17763.292)
Time: Thu Dec 19 16:16:37 2019 Paris, Madrid elapsed time: 0 seconds (0d 0h 0m 0s)

---------------  T H R E A D  ---------------

Current thread (0x0000020a82867800):  JavaThread "Unknown thread" [_thread_in_vm, id=18908, stack(0x00000054d9f00000,0x00000054da000000)]

Stack: [0x00000054d9f00000,0x00000054da000000]
Native frames: (J=compiled Java code, j=interpreted, Vv=VM code, C=native code)
V  [jvm.dll+0x5db31a]
V  [jvm.dll+0x70c395]
V  [jvm.dll+0x70d8b8]
V  [jvm.dll+0x70df83]
V  [jvm.dll+0x23dbb8]
V  [jvm.dll+0x5d8a74]
V  [jvm.dll+0x5cdb05]
V  [jvm.dll+0x2fa5bb]
V  [jvm.dll+0x2fa52a]
V  [jvm.dll+0x2fa402]
V  [jvm.dll+0x2ff2c6]
V  [jvm.dll+0x347893]
V  [jvm.dll+0x347f96]
V  [jvm.dll+0x347993]
V  [jvm.dll+0x2d4e28]
V  [jvm.dll+0x2d5fd7]
V  [jvm.dll+0x6eb717]
V  [jvm.dll+0x6ecf0c]
V  [jvm.dll+0x354fb9]
V  [jvm.dll+0x6d35be]
V  [jvm.dll+0x3bd673]
V  [jvm.dll+0x3bf9f1]
C  [java.exe+0x3763]
C  [java.exe+0x17a0c]
C  [KERNEL32.DLL+0x181f4]
C  [ntdll.dll+0x6a251]


---------------  P R O C E S S  ---------------

Threads class SMR info:
_java_thread_list=0x0000020a807c3150, length=0, elements={
}

Java Threads: ( => current thread )

Other Threads:
  0x0000020a8287d800 GCTaskThread "GC Thread#0" [stack: 0x00000054da000000,0x00000054da100000] [id=17940]
  0x0000020a828a4800 ConcurrentGCThread "G1 Main Marker" [stack: 0x00000054da100000,0x00000054da200000] [id=16524]
  0x0000020a828a6800 ConcurrentGCThread "G1 Conc#0" [stack: 0x00000054da200000,0x00000054da300000] [id=11216]

[error occurred during error reporting (printing all threads), id 0xc0000005, EXCEPTION_ACCESS_VIOLATION (0xc0000005) at pc=0x00007fffa7e15727]

VM state:not at safepoint (not fully initialized)

VM Mutex/Monitor currently owned by a thread:  ([mutex/lock_event])
[0x0000020a82863d50] Heap_lock - owner thread: 0x0000020a82867800

Heap address: 0x00000000a0c00000, size: 1524 MB, Compressed Oops mode: Non-zero based: 0x00000000a0c00000
Narrow klass base: 0x0000000000000000, Narrow klass shift: 0

GC Heap History (0 events):
No events

Deoptimization events (0 events):
No events

Classes redefined (0 events):
No events

Internal exceptions (0 events):
No events

Events (0 events):
No events


Dynamic libraries:
0x00007ff7c2ff0000 - 0x00007ff7c3037000 	C:\Program Files\JetBrains\PhpStorm 2019.2.3\jbr\bin\java.exe
0x00007ffffdd10000 - 0x00007ffffdefd000 	C:\WINDOWS\SYSTEM32\ntdll.dll
0x00007ffffba20000 - 0x00007ffffbad3000 	C:\WINDOWS\System32\KERNEL32.DLL
0x00007ffffa060000 - 0x00007ffffa2f3000 	C:\WINDOWS\System32\KERNELBASE.dll
0x00007ffffb170000 - 0x00007ffffb307000 	C:\WINDOWS\System32\USER32.dll
0x00007ffff9eb0000 - 0x00007ffff9ed0000 	C:\WINDOWS\System32\win32u.dll
0x00007ffffbed0000 - 0x00007ffffbef9000 	C:\WINDOWS\System32\GDI32.dll
0x00007ffffad20000 - 0x00007ffffaeba000 	C:\WINDOWS\System32\gdi32full.dll
0x00007ffffa300000 - 0x00007ffffa3a0000 	C:\WINDOWS\System32\msvcp_win.dll
0x00007ffff9db0000 - 0x00007ffff9eac000 	C:\WINDOWS\System32\ucrtbase.dll
0x00007ffff0150000 - 0x00007ffff03c9000 	C:\WINDOWS\WinSxS\amd64_microsoft.windows.common-controls_6595b64144ccf1df_6.0.17763.292_none_05b137b40722e6bb\COMCTL32.dll
0x00007ffffb500000 - 0x00007ffffb59e000 	C:\WINDOWS\System32\msvcrt.dll
0x00007ffffbaf0000 - 0x00007ffffbe1d000 	C:\WINDOWS\System32\combase.dll
0x00007ffffb3d0000 - 0x00007ffffb4f2000 	C:\WINDOWS\System32\RPCRT4.dll
0x00007ffff9fe0000 - 0x00007ffffa05e000 	C:\WINDOWS\System32\bcryptPrimitives.dll
0x00007ffffb140000 - 0x00007ffffb16e000 	C:\WINDOWS\System32\IMM32.DLL
0x00007fffdff20000 - 0x00007fffdff37000 	C:\Program Files\JetBrains\PhpStorm 2019.2.3\jbr\bin\vcruntime140.dll
0x00007fffcfe40000 - 0x00007fffcfedd000 	C:\Program Files\JetBrains\PhpStorm 2019.2.3\jbr\bin\msvcp140.dll
0x00007fffa7b30000 - 0x00007fffa85e8000 	C:\Program Files\JetBrains\PhpStorm 2019.2.3\jbr\bin\server\jvm.dll
0x00007ffffdb40000 - 0x00007ffffdbe3000 	C:\WINDOWS\System32\ADVAPI32.dll
0x00007ffffbe20000 - 0x00007ffffbebe000 	C:\WINDOWS\System32\sechost.dll
0x00007ffffbec0000 - 0x00007ffffbec8000 	C:\WINDOWS\System32\PSAPI.DLL
0x00007fffd9330000 - 0x00007fffd9339000 	C:\WINDOWS\SYSTEM32\WSOCK32.dll
0x00007ffff8090000 - 0x00007ffff80b4000 	C:\WINDOWS\SYSTEM32\WINMM.dll
0x00007ffffd920000 - 0x00007ffffd98d000 	C:\WINDOWS\System32\WS2_32.dll
0x00007ffff3ea0000 - 0x00007ffff3eaa000 	C:\WINDOWS\SYSTEM32\VERSION.dll
0x00007ffff8030000 - 0x00007ffff805d000 	C:\WINDOWS\SYSTEM32\WINMMBASE.dll
0x00007ffffaec0000 - 0x00007ffffaf0a000 	C:\WINDOWS\System32\cfgmgr32.dll
0x00007ffff9ce0000 - 0x00007ffff9cf1000 	C:\WINDOWS\System32\kernel.appcore.dll
0x00007fffaead0000 - 0x00007fffaeae1000 	C:\Program Files\JetBrains\PhpStorm 2019.2.3\jbr\bin\verify.dll
0x00007fffe8d00000 - 0x00007fffe8eed000 	C:\WINDOWS\SYSTEM32\DBGHELP.DLL
0x00007fffe7ad0000 - 0x00007fffe7afa000 	C:\WINDOWS\SYSTEM32\dbgcore.DLL
0x00007fffaeaa0000 - 0x00007fffaeac9000 	C:\Program Files\JetBrains\PhpStorm 2019.2.3\jbr\bin\java.dll
0x00007fffaea80000 - 0x00007fffaea97000 	C:\Program Files\JetBrains\PhpStorm 2019.2.3\jbr\bin\zip.dll
0x00007fffaea70000 - 0x00007fffaea7b000 	C:\Program Files\JetBrains\PhpStorm 2019.2.3\jbr\bin\jimage.dll

dbghelp: loaded successfully - version: 4.0.5 - missing functions: none
symbol engine: initialized successfully - sym options: 0x614 - pdb path: .;C:\Program Files\JetBrains\PhpStorm 2019.2.3\jbr\bin;C:\WINDOWS\SYSTEM32;C:\WINDOWS\WinSxS\amd64_microsoft.windows.common-controls_6595b64144ccf1df_6.0.17763.292_none_05b137b40722e6bb;C:\Program Files\JetBrains\PhpStorm 2019.2.3\jbr\bin\server

VM Arguments:
java_command: org.jetbrains.git4idea.nativessh.GitNativeSshAskPassApp dut19_groupe2@172.31.146.100's password: 
java_class_path (initial): C:/Program Files/JetBrains/PhpStorm 2019.2.3/plugins/git4idea/lib/git4idea-rt.jar;C:/Program Files/JetBrains/PhpStorm 2019.2.3/lib/xmlrpc-2.0.1.jar;C:/Program Files/JetBrains/PhpStorm 2019.2.3/lib/commons-codec-1.13.jar;C:/Program Files/JetBrains/PhpStorm 2019.2.3/lib/util.jar
Launcher Type: SUN_STANDARD

[Global flags]
     intx CICompilerCount                          = 4                                         {product} {ergonomic}
     uint ConcGCThreads                            = 2                                         {product} {ergonomic}
     uint G1ConcRefinementThreads                  = 8                                         {product} {ergonomic}
   size_t G1HeapRegionSize                         = 1048576                                   {product} {ergonomic}
    uintx GCDrainStackTargetSize                   = 64                                        {product} {ergonomic}
   size_t InitialHeapSize                          = 100663296                                 {product} {ergonomic}
   size_t MarkStackSize                            = 4194304                                   {product} {ergonomic}
   size_t MaxHeapSize                              = 1598029824                                {product} {ergonomic}
   size_t MinHeapDeltaBytes                        = 1048576                                   {product} {ergonomic}
    uintx NonNMethodCodeHeapSize                   = 5835340                                {pd product} {ergonomic}
    uintx NonProfiledCodeHeapSize                  = 122911450                              {pd product} {ergonomic}
    uintx ProfiledCodeHeapSize                     = 122911450                              {pd product} {ergonomic}
    uintx ReservedCodeCacheSize                    = 251658240                              {pd product} {ergonomic}
     bool SegmentedCodeCache                       = true                                      {product} {ergonomic}
     bool UseCompressedClassPointers               = true                                 {lp64_product} {ergonomic}
     bool UseCompressedOops                        = true                                 {lp64_product} {ergonomic}
     bool UseG1GC                                  = true                                      {product} {ergonomic}
     bool UseLargePagesIndividualAllocation        = false                                  {pd product} {ergonomic}

Logging:
Log output configuration:
 #0: stdout all=warning uptime,level,tags
 #1: stderr all=off uptime,level,tags

Environment Variables:
PATH=C:\Program Files (x86)\Git\mingw32\libexec\git-core;C:\Program Files (x86)\Git\mingw32\bin;C:\Program Files (x86)\Git\usr\bin;C:\Users\asus\bin;C:\Program Files (x86)\Common Files\Intel\Shared Libraries\redist\intel64\compiler;C:\ProgramData\Oracle\Java\javapath;C:\WINDOWS\system32;C:\WINDOWS;C:\WINDOWS\System32\Wbem;C:\WINDOWS\System32\WindowsPowerShell\v1.0;C:\Program Files (x86)\GtkSharp\2.12\bin;C:\Program Files (x86)\NVIDIA Corporation\PhysX\Common;C:\WINDOWS\system32;C:\WINDOWS;C:\WINDOWS\System32\Wbem;C:\WINDOWS\System32\WindowsPowerShell\v1.0;C:\WINDOWS\System32\OpenSSH;D:\Program Files (x86)\Brackets\command;C:\Program Files\nodejs;C:\Users\asus\AppData\Local\Microsoft\WindowsApps;C:\Users\asus\AppData\Local\GitHubDesktop\bin;C:\Users\asus\AppData\Roaming\npm;D:\wamp64\bin\php\php5.6.40;C:\Program Files\JetBrains\PhpStorm 2019.2.3\bin
USERNAME=asus
DISPLAY=:0.0
OS=Windows_NT
PROCESSOR_IDENTIFIER=Intel64 Family 6 Model 58 Stepping 9, GenuineIntel



---------------  S Y S T E M  ---------------

OS: Windows 10 , 64 bit Build 17763 (10.0.17763.292)

CPU:total 8 (initial active 8) (4 cores per cpu, 2 threads per core) family 6 model 58 stepping 9, cmov, cx8, fxsr, mmx, sse, sse2, sse3, ssse3, sse4.1, sse4.2, popcnt, avx, aes, clmul, erms, ht, tsc, tscinvbit, tscinv

Memory: 4k page, system-wide physical 6095M (833M free)
TotalPageFile size 10623M (AvailPageFile size 5M)
current process WorkingSet (physical memory assigned to process): 9M, peak: 9M
current process commit charge ("private bytes"): 59M, peak: 155M

vm_info: OpenJDK 64-Bit Server VM (11.0.4+10-b304.77) for windows-amd64 JRE (11.0.4+10-b304.77), built on Oct 10 2019 15:02:36 by "" with MS VC++ 14.0 (VS2015)

END.
