#
# There is insufficient memory for the Java Runtime Environment to continue.
# Native memory allocation (malloc) failed to allocate 32744 bytes for ChunkPool::allocate
# Possible reasons:
#   The system is out of physical RAM or swap space
#   The process is running with CompressedOops enabled, and the Java Heap may be blocking the growth of the native heap
# Possible solutions:
#   Reduce memory load on the system
#   Increase physical memory or swap space
#   Check if swap backing store is full
#   Decrease Java heap size (-Xmx/-Xms)
#   Decrease number of Java threads
#   Decrease Java thread stack sizes (-Xss)
#   Set larger code cache with -XX:ReservedCodeCacheSize=
#   JVM is running with Unscaled Compressed Oops mode in which the Java heap is
#     placed in the first 4GB address space. The Java Heap base address is the
#     maximum limit for the native heap growth. Please use -XX:HeapBaseMinAddress
#     to set the Java Heap base and to place the Java Heap above 4GB virtual address.
# This output file may be truncated or incomplete.
#
#  Out of Memory Error (c:/BuildAgent/work/5ff2f6c26000d570/src/hotspot/share/memory/arena.cpp:81), pid=14816, tid=19088
#
# JRE version: OpenJDK Runtime Environment (11.0.4+10) (build 11.0.4+10-b304.77)
# Java VM: OpenJDK 64-Bit Server VM (11.0.4+10-b304.77, mixed mode, tiered, compressed oops, g1 gc, windows-amd64)
# No core dump will be written. Minidumps are not enabled by default on client versions of Windows
#

---------------  S U M M A R Y ------------

Command Line: org.jetbrains.git4idea.nativessh.GitNativeSshAskPassApp dut19_groupe2@172.31.146.100's password: 

Host: Intel(R) Core(TM) i7-3630QM CPU @ 2.40GHz, 8 cores, 5G,  Windows 10 , 64 bit Build 17763 (10.0.17763.292)
Time: Thu Dec 19 16:16:38 2019 Paris, Madrid elapsed time: 0 seconds (0d 0h 0m 0s)

---------------  T H R E A D  ---------------

Current thread (0x00000174c7cb1000):  JavaThread "C2 CompilerThread0" daemon [_thread_in_vm, id=19088, stack(0x00000023c8300000,0x00000023c8400000)]

Stack: [0x00000023c8300000,0x00000023c8400000]
Native frames: (J=compiled Java code, j=interpreted, Vv=VM code, C=native code)
V  [jvm.dll+0x5db31a]
V  [jvm.dll+0x70c395]
V  [jvm.dll+0x70d8b8]
V  [jvm.dll+0x70df83]
V  [jvm.dll+0x23dbb8]
V  [jvm.dll+0xb944b]
V  [jvm.dll+0xb96fc]
V  [jvm.dll+0x23e6f0]
V  [jvm.dll+0x1f7e0a]
V  [jvm.dll+0x1f5e17]
V  [jvm.dll+0x63a3b7]
V  [jvm.dll+0x639f64]
V  [jvm.dll+0x17ffae]
V  [jvm.dll+0x17fff7]
V  [jvm.dll+0x203e29]
V  [jvm.dll+0x20343b]
V  [jvm.dll+0x6d956f]
V  [jvm.dll+0x6d236d]
V  [jvm.dll+0x5da5e6]
C  [ucrtbase.dll+0x203ba]
C  [KERNEL32.DLL+0x181f4]
C  [ntdll.dll+0x6a251]


---------------  P R O C E S S  ---------------

Threads class SMR info:
_java_thread_list=0x00000174c8b83d00, length=9, elements={
0x00000174adfd7000, 0x00000174c7c8e800, 0x00000174c7c97000, 0x00000174c7cae800,
0x00000174c7cb0800, 0x00000174c7cb1000, 0x00000174c7cbc000, 0x00000174c7cc1000,
0x00000174c8b88800
}

Java Threads: ( => current thread )
  0x00000174adfd7000 JavaThread "main" [_thread_blocked, id=15384, stack(0x00000023c7800000,0x00000023c7900000)]
  0x00000174c7c8e800 JavaThread "Reference Handler" daemon [_thread_blocked, id=2576, stack(0x00000023c7f00000,0x00000023c8000000)]
  0x00000174c7c97000 JavaThread "Finalizer" daemon [_thread_blocked, id=18020, stack(0x00000023c8000000,0x00000023c8100000)]
  0x00000174c7cae800 JavaThread "Signal Dispatcher" daemon [_thread_blocked, id=18824, stack(0x00000023c8100000,0x00000023c8200000)]
  0x00000174c7cb0800 JavaThread "Attach Listener" daemon [_thread_blocked, id=14624, stack(0x00000023c8200000,0x00000023c8300000)]
=>0x00000174c7cb1000 JavaThread "C2 CompilerThread0" daemon [_thread_in_vm, id=19088, stack(0x00000023c8300000,0x00000023c8400000)]
  0x00000174c7cbc000 JavaThread "C1 CompilerThread0" daemon [_thread_blocked, id=15208, stack(0x00000023c8400000,0x00000023c8500000)]
  0x00000174c7cc1000 JavaThread "Sweeper thread" daemon [_thread_blocked, id=12636, stack(0x00000023c8500000,0x00000023c8600000)]
  0x00000174c8b88800 JavaThread "Service Thread" daemon [_thread_blocked, id=12432, stack(0x00000023c8600000,0x00000023c8700000)]

Other Threads:
  0x00000174c7c6b000 VMThread "VM Thread" [stack: 0x00000023c7e00000,0x00000023c7f00000] [id=19188]
  0x00000174adfed000 GCTaskThread "GC Thread#0" [stack: 0x00000023c7900000,0x00000023c7a00000] [id=15904]
  0x00000174ae013800 ConcurrentGCThread "G1 Main Marker" [stack: 0x00000023c7a00000,0x00000023c7b00000] [id=11444]
  0x00000174ae016000 ConcurrentGCThread "G1 Conc#0" [stack: 0x00000023c7b00000,0x00000023c7c00000] [id=7544]
  0x00000174ae0a6800 ConcurrentGCThread "G1 Refine#0" [stack: 0x00000023c7c00000,0x00000023c7d00000] [id=8100]
  0x00000174ae0a7800 ConcurrentGCThread "G1 Young RemSet Sampling" [stack: 0x00000023c7d00000,0x00000023c7e00000] [id=10352]

Threads with active compile tasks:

VM state:synchronizing (normal execution)

VM Mutex/Monitor currently owned by a thread:  ([mutex/lock_event])
[0x00000174adfd3b90] Threads_lock - owner thread: 0x00000174c7c6b000

Heap address: 0x00000000a0c00000, size: 1524 MB, Compressed Oops mode: 32-bit
Narrow klass base: 0x0000000000000000, Narrow klass shift: 3
Compressed class space size: 1073741824 Address: 0x0000000100000000

Heap:
 garbage-first heap   total 98304K, used 1024K [0x00000000a0c00000, 0x0000000100000000)
  region size 1024K, 2 young (2048K), 0 survivors (0K)
 Metaspace       used 3219K, capacity 3336K, committed 3456K, reserved 1060864K
  class space    used 275K, capacity 384K, committed 384K, reserved 1048576K
Heap Regions: E=young(eden), S=young(survivor), O=old, HS=humongous(starts), HC=humongous(continues), CS=collection set, F=free, A=archive, TAMS=top-at-mark-start (previous, next)
|   0|0x00000000a0c00000, 0x00000000a0c00000, 0x00000000a0d00000|  0%| F|  |TAMS 0x00000000a0c00000, 0x00000000a0c00000| Untracked 
|   1|0x00000000a0d00000, 0x00000000a0d00000, 0x00000000a0e00000|  0%| F|  |TAMS 0x00000000a0d00000, 0x00000000a0d00000| Untracked 
|   2|0x00000000a0e00000, 0x00000000a0e00000, 0x00000000a0f00000|  0%| F|  |TAMS 0x00000000a0e00000, 0x00000000a0e00000| Untracked 
|   3|0x00000000a0f00000, 0x00000000a0f00000, 0x00000000a1000000|  0%| F|  |TAMS 0x00000000a0f00000, 0x00000000a0f00000| Untracked 
|   4|0x00000000a1000000, 0x00000000a1000000, 0x00000000a1100000|  0%| F|  |TAMS 0x00000000a1000000, 0x00000000a1000000| Untracked 
|   5|0x00000000a1100000, 0x00000000a1100000, 0x00000000a1200000|  0%| F|  |TAMS 0x00000000a1100000, 0x00000000a1100000| Untracked 
|   6|0x00000000a1200000, 0x00000000a1200000, 0x00000000a1300000|  0%| F|  |TAMS 0x00000000a1200000, 0x00000000a1200000| Untracked 
|   7|0x00000000a1300000, 0x00000000a1300000, 0x00000000a1400000|  0%| F|  |TAMS 0x00000000a1300000, 0x00000000a1300000| Untracked 
|   8|0x00000000a1400000, 0x00000000a1400000, 0x00000000a1500000|  0%| F|  |TAMS 0x00000000a1400000, 0x00000000a1400000| Untracked 
|   9|0x00000000a1500000, 0x00000000a1500000, 0x00000000a1600000|  0%| F|  |TAMS 0x00000000a1500000, 0x00000000a1500000| Untracked 
|  10|0x00000000a1600000, 0x00000000a1600000, 0x00000000a1700000|  0%| F|  |TAMS 0x00000000a1600000, 0x00000000a1600000| Untracked 
|  11|0x00000000a1700000, 0x00000000a1700000, 0x00000000a1800000|  0%| F|  |TAMS 0x00000000a1700000, 0x00000000a1700000| Untracked 
|  12|0x00000000a1800000, 0x00000000a1800000, 0x00000000a1900000|  0%| F|  |TAMS 0x00000000a1800000, 0x00000000a1800000| Untracked 
|  13|0x00000000a1900000, 0x00000000a1900000, 0x00000000a1a00000|  0%| F|  |TAMS 0x00000000a1900000, 0x00000000a1900000| Untracked 
|  14|0x00000000a1a00000, 0x00000000a1a00000, 0x00000000a1b00000|  0%| F|  |TAMS 0x00000000a1a00000, 0x00000000a1a00000| Untracked 
|  15|0x00000000a1b00000, 0x00000000a1b00000, 0x00000000a1c00000|  0%| F|  |TAMS 0x00000000a1b00000, 0x00000000a1b00000| Untracked 
|  16|0x00000000a1c00000, 0x00000000a1c00000, 0x00000000a1d00000|  0%| F|  |TAMS 0x00000000a1c00000, 0x00000000a1c00000| Untracked 
|  17|0x00000000a1d00000, 0x00000000a1d00000, 0x00000000a1e00000|  0%| F|  |TAMS 0x00000000a1d00000, 0x00000000a1d00000| Untracked 
|  18|0x00000000a1e00000, 0x00000000a1e00000, 0x00000000a1f00000|  0%| F|  |TAMS 0x00000000a1e00000, 0x00000000a1e00000| Untracked 
|  19|0x00000000a1f00000, 0x00000000a1f00000, 0x00000000a2000000|  0%| F|  |TAMS 0x00000000a1f00000, 0x00000000a1f00000| Untracked 
|  20|0x00000000a2000000, 0x00000000a2000000, 0x00000000a2100000|  0%| F|  |TAMS 0x00000000a2000000, 0x00000000a2000000| Untracked 
|  21|0x00000000a2100000, 0x00000000a2100000, 0x00000000a2200000|  0%| F|  |TAMS 0x00000000a2100000, 0x00000000a2100000| Untracked 
|  22|0x00000000a2200000, 0x00000000a2200000, 0x00000000a2300000|  0%| F|  |TAMS 0x00000000a2200000, 0x00000000a2200000| Untracked 
|  23|0x00000000a2300000, 0x00000000a2300000, 0x00000000a2400000|  0%| F|  |TAMS 0x00000000a2300000, 0x00000000a2300000| Untracked 
|  24|0x00000000a2400000, 0x00000000a2400000, 0x00000000a2500000|  0%| F|  |TAMS 0x00000000a2400000, 0x00000000a2400000| Untracked 
|  25|0x00000000a2500000, 0x00000000a2500000, 0x00000000a2600000|  0%| F|  |TAMS 0x00000000a2500000, 0x00000000a2500000| Untracked 
|  26|0x00000000a2600000, 0x00000000a2600000, 0x00000000a2700000|  0%| F|  |TAMS 0x00000000a2600000, 0x00000000a2600000| Untracked 
|  27|0x00000000a2700000, 0x00000000a2700000, 0x00000000a2800000|  0%| F|  |TAMS 0x00000000a2700000, 0x00000000a2700000| Untracked 
|  28|0x00000000a2800000, 0x00000000a2800000, 0x00000000a2900000|  0%| F|  |TAMS 0x00000000a2800000, 0x00000000a2800000| Untracked 
|  29|0x00000000a2900000, 0x00000000a2900000, 0x00000000a2a00000|  0%| F|  |TAMS 0x00000000a2900000, 0x00000000a2900000| Untracked 
|  30|0x00000000a2a00000, 0x00000000a2a00000, 0x00000000a2b00000|  0%| F|  |TAMS 0x00000000a2a00000, 0x00000000a2a00000| Untracked 
|  31|0x00000000a2b00000, 0x00000000a2b00000, 0x00000000a2c00000|  0%| F|  |TAMS 0x00000000a2b00000, 0x00000000a2b00000| Untracked 
|  32|0x00000000a2c00000, 0x00000000a2c00000, 0x00000000a2d00000|  0%| F|  |TAMS 0x00000000a2c00000, 0x00000000a2c00000| Untracked 
|  33|0x00000000a2d00000, 0x00000000a2d00000, 0x00000000a2e00000|  0%| F|  |TAMS 0x00000000a2d00000, 0x00000000a2d00000| Untracked 
|  34|0x00000000a2e00000, 0x00000000a2e00000, 0x00000000a2f00000|  0%| F|  |TAMS 0x00000000a2e00000, 0x00000000a2e00000| Untracked 
|  35|0x00000000a2f00000, 0x00000000a2f00000, 0x00000000a3000000|  0%| F|  |TAMS 0x00000000a2f00000, 0x00000000a2f00000| Untracked 
|  36|0x00000000a3000000, 0x00000000a3000000, 0x00000000a3100000|  0%| F|  |TAMS 0x00000000a3000000, 0x00000000a3000000| Untracked 
|  37|0x00000000a3100000, 0x00000000a3100000, 0x00000000a3200000|  0%| F|  |TAMS 0x00000000a3100000, 0x00000000a3100000| Untracked 
|  38|0x00000000a3200000, 0x00000000a3200000, 0x00000000a3300000|  0%| F|  |TAMS 0x00000000a3200000, 0x00000000a3200000| Untracked 
|  39|0x00000000a3300000, 0x00000000a3300000, 0x00000000a3400000|  0%| F|  |TAMS 0x00000000a3300000, 0x00000000a3300000| Untracked 
|  40|0x00000000a3400000, 0x00000000a3400000, 0x00000000a3500000|  0%| F|  |TAMS 0x00000000a3400000, 0x00000000a3400000| Untracked 
|  41|0x00000000a3500000, 0x00000000a3500000, 0x00000000a3600000|  0%| F|  |TAMS 0x00000000a3500000, 0x00000000a3500000| Untracked 
|  42|0x00000000a3600000, 0x00000000a3600000, 0x00000000a3700000|  0%| F|  |TAMS 0x00000000a3600000, 0x00000000a3600000| Untracked 
|  43|0x00000000a3700000, 0x00000000a3700000, 0x00000000a3800000|  0%| F|  |TAMS 0x00000000a3700000, 0x00000000a3700000| Untracked 
|  44|0x00000000a3800000, 0x00000000a3800000, 0x00000000a3900000|  0%| F|  |TAMS 0x00000000a3800000, 0x00000000a3800000| Untracked 
|  45|0x00000000a3900000, 0x00000000a3900000, 0x00000000a3a00000|  0%| F|  |TAMS 0x00000000a3900000, 0x00000000a3900000| Untracked 
|  46|0x00000000a3a00000, 0x00000000a3a00000, 0x00000000a3b00000|  0%| F|  |TAMS 0x00000000a3a00000, 0x00000000a3a00000| Untracked 
|  47|0x00000000a3b00000, 0x00000000a3b00000, 0x00000000a3c00000|  0%| F|  |TAMS 0x00000000a3b00000, 0x00000000a3b00000| Untracked 
|  48|0x00000000a3c00000, 0x00000000a3c00000, 0x00000000a3d00000|  0%| F|  |TAMS 0x00000000a3c00000, 0x00000000a3c00000| Untracked 
|  49|0x00000000a3d00000, 0x00000000a3d00000, 0x00000000a3e00000|  0%| F|  |TAMS 0x00000000a3d00000, 0x00000000a3d00000| Untracked 
|  50|0x00000000a3e00000, 0x00000000a3e00000, 0x00000000a3f00000|  0%| F|  |TAMS 0x00000000a3e00000, 0x00000000a3e00000| Untracked 
|  51|0x00000000a3f00000, 0x00000000a3f00000, 0x00000000a4000000|  0%| F|  |TAMS 0x00000000a3f00000, 0x00000000a3f00000| Untracked 
|  52|0x00000000a4000000, 0x00000000a4000000, 0x00000000a4100000|  0%| F|  |TAMS 0x00000000a4000000, 0x00000000a4000000| Untracked 
|  53|0x00000000a4100000, 0x00000000a4100000, 0x00000000a4200000|  0%| F|  |TAMS 0x00000000a4100000, 0x00000000a4100000| Untracked 
|  54|0x00000000a4200000, 0x00000000a4200000, 0x00000000a4300000|  0%| F|  |TAMS 0x00000000a4200000, 0x00000000a4200000| Untracked 
|  55|0x00000000a4300000, 0x00000000a4300000, 0x00000000a4400000|  0%| F|  |TAMS 0x00000000a4300000, 0x00000000a4300000| Untracked 
|  56|0x00000000a4400000, 0x00000000a4400000, 0x00000000a4500000|  0%| F|  |TAMS 0x00000000a4400000, 0x00000000a4400000| Untracked 
|  57|0x00000000a4500000, 0x00000000a4500000, 0x00000000a4600000|  0%| F|  |TAMS 0x00000000a4500000, 0x00000000a4500000| Untracked 
|  58|0x00000000a4600000, 0x00000000a4600000, 0x00000000a4700000|  0%| F|  |TAMS 0x00000000a4600000, 0x00000000a4600000| Untracked 
|  59|0x00000000a4700000, 0x00000000a4700000, 0x00000000a4800000|  0%| F|  |TAMS 0x00000000a4700000, 0x00000000a4700000| Untracked 
|  60|0x00000000a4800000, 0x00000000a4800000, 0x00000000a4900000|  0%| F|  |TAMS 0x00000000a4800000, 0x00000000a4800000| Untracked 
|  61|0x00000000a4900000, 0x00000000a4900000, 0x00000000a4a00000|  0%| F|  |TAMS 0x00000000a4900000, 0x00000000a4900000| Untracked 
|  62|0x00000000a4a00000, 0x00000000a4a00000, 0x00000000a4b00000|  0%| F|  |TAMS 0x00000000a4a00000, 0x00000000a4a00000| Untracked 
|  63|0x00000000a4b00000, 0x00000000a4b00000, 0x00000000a4c00000|  0%| F|  |TAMS 0x00000000a4b00000, 0x00000000a4b00000| Untracked 
|  64|0x00000000a4c00000, 0x00000000a4c00000, 0x00000000a4d00000|  0%| F|  |TAMS 0x00000000a4c00000, 0x00000000a4c00000| Untracked 
|  65|0x00000000a4d00000, 0x00000000a4d00000, 0x00000000a4e00000|  0%| F|  |TAMS 0x00000000a4d00000, 0x00000000a4d00000| Untracked 
|  66|0x00000000a4e00000, 0x00000000a4e00000, 0x00000000a4f00000|  0%| F|  |TAMS 0x00000000a4e00000, 0x00000000a4e00000| Untracked 
|  67|0x00000000a4f00000, 0x00000000a4f00000, 0x00000000a5000000|  0%| F|  |TAMS 0x00000000a4f00000, 0x00000000a4f00000| Untracked 
|  68|0x00000000a5000000, 0x00000000a5000000, 0x00000000a5100000|  0%| F|  |TAMS 0x00000000a5000000, 0x00000000a5000000| Untracked 
|  69|0x00000000a5100000, 0x00000000a5100000, 0x00000000a5200000|  0%| F|  |TAMS 0x00000000a5100000, 0x00000000a5100000| Untracked 
|  70|0x00000000a5200000, 0x00000000a5200000, 0x00000000a5300000|  0%| F|  |TAMS 0x00000000a5200000, 0x00000000a5200000| Untracked 
|  71|0x00000000a5300000, 0x00000000a5300000, 0x00000000a5400000|  0%| F|  |TAMS 0x00000000a5300000, 0x00000000a5300000| Untracked 
|  72|0x00000000a5400000, 0x00000000a5400000, 0x00000000a5500000|  0%| F|  |TAMS 0x00000000a5400000, 0x00000000a5400000| Untracked 
|  73|0x00000000a5500000, 0x00000000a5500000, 0x00000000a5600000|  0%| F|  |TAMS 0x00000000a5500000, 0x00000000a5500000| Untracked 
|  74|0x00000000a5600000, 0x00000000a5600000, 0x00000000a5700000|  0%| F|  |TAMS 0x00000000a5600000, 0x00000000a5600000| Untracked 
|  75|0x00000000a5700000, 0x00000000a5700000, 0x00000000a5800000|  0%| F|  |TAMS 0x00000000a5700000, 0x00000000a5700000| Untracked 
|  76|0x00000000a5800000, 0x00000000a5800000, 0x00000000a5900000|  0%| F|  |TAMS 0x00000000a5800000, 0x00000000a5800000| Untracked 
|  77|0x00000000a5900000, 0x00000000a5900000, 0x00000000a5a00000|  0%| F|  |TAMS 0x00000000a5900000, 0x00000000a5900000| Untracked 
|  78|0x00000000a5a00000, 0x00000000a5a00000, 0x00000000a5b00000|  0%| F|  |TAMS 0x00000000a5a00000, 0x00000000a5a00000| Untracked 
|  79|0x00000000a5b00000, 0x00000000a5b00000, 0x00000000a5c00000|  0%| F|  |TAMS 0x00000000a5b00000, 0x00000000a5b00000| Untracked 
|  80|0x00000000a5c00000, 0x00000000a5c00000, 0x00000000a5d00000|  0%| F|  |TAMS 0x00000000a5c00000, 0x00000000a5c00000| Untracked 
|  81|0x00000000a5d00000, 0x00000000a5d00000, 0x00000000a5e00000|  0%| F|  |TAMS 0x00000000a5d00000, 0x00000000a5d00000| Untracked 
|  82|0x00000000a5e00000, 0x00000000a5e00000, 0x00000000a5f00000|  0%| F|  |TAMS 0x00000000a5e00000, 0x00000000a5e00000| Untracked 
|  83|0x00000000a5f00000, 0x00000000a5f00000, 0x00000000a6000000|  0%| F|  |TAMS 0x00000000a5f00000, 0x00000000a5f00000| Untracked 
|  84|0x00000000a6000000, 0x00000000a6000000, 0x00000000a6100000|  0%| F|  |TAMS 0x00000000a6000000, 0x00000000a6000000| Untracked 
|  85|0x00000000a6100000, 0x00000000a6100000, 0x00000000a6200000|  0%| F|  |TAMS 0x00000000a6100000, 0x00000000a6100000| Untracked 
|  86|0x00000000a6200000, 0x00000000a6200000, 0x00000000a6300000|  0%| F|  |TAMS 0x00000000a6200000, 0x00000000a6200000| Untracked 
|  87|0x00000000a6300000, 0x00000000a6300000, 0x00000000a6400000|  0%| F|  |TAMS 0x00000000a6300000, 0x00000000a6300000| Untracked 
|  88|0x00000000a6400000, 0x00000000a6400000, 0x00000000a6500000|  0%| F|  |TAMS 0x00000000a6400000, 0x00000000a6400000| Untracked 
|  89|0x00000000a6500000, 0x00000000a6500000, 0x00000000a6600000|  0%| F|  |TAMS 0x00000000a6500000, 0x00000000a6500000| Untracked 
|  90|0x00000000a6600000, 0x00000000a6600000, 0x00000000a6700000|  0%| F|  |TAMS 0x00000000a6600000, 0x00000000a6600000| Untracked 
|  91|0x00000000a6700000, 0x00000000a6700000, 0x00000000a6800000|  0%| F|  |TAMS 0x00000000a6700000, 0x00000000a6700000| Untracked 
|  92|0x00000000a6800000, 0x00000000a6800000, 0x00000000a6900000|  0%| F|  |TAMS 0x00000000a6800000, 0x00000000a6800000| Untracked 
|  93|0x00000000a6900000, 0x00000000a6900000, 0x00000000a6a00000|  0%| F|  |TAMS 0x00000000a6900000, 0x00000000a6900000| Untracked 
|  94|0x00000000a6a00000, 0x00000000a6a7b630, 0x00000000a6b00000| 48%| E|  |TAMS 0x00000000a6a00000, 0x00000000a6a00000| Complete 
|  95|0x00000000a6b00000, 0x00000000a6c00000, 0x00000000a6c00000|100%| E|CS|TAMS 0x00000000a6b00000, 0x00000000a6b00000| Complete 

Card table byte_map: [0x00000174c1cc0000,0x00000174c1fc0000] _byte_map_base: 0x00000174c17ba000

Marking Bits (Prev, Next): (CMBitMap*) 0x00000174ae00cf18, (CMBitMap*) 0x00000174ae00cf50
 Prev Bits: [0x00000174c22c0000, 0x00000174c3a90000)
 Next Bits: [0x00000174c3a90000, 0x00000174c5260000)

Polling page: 0x00000174ae0b0000

Metaspace:

Usage:
  Non-class:      2.88 MB capacity,     2.88 MB (>99%) used,     4.95 KB ( <1%) free+waste,     3.00 KB ( <1%) overhead. 
      Class:    384.00 KB capacity,   275.80 KB ( 72%) used,   108.13 KB ( 28%) free+waste,    64 bytes ( <1%) overhead. 
       Both:      3.26 MB capacity,     3.14 MB ( 97%) used,   113.08 KB (  3%) free+waste,     3.06 KB ( <1%) overhead. 

Virtual space:
  Non-class space:       12.00 MB reserved,       3.00 MB ( 25%) committed 
      Class space:        1.00 GB reserved,     384.00 KB ( <1%) committed 
             Both:        1.01 GB reserved,       3.38 MB ( <1%) committed 

Chunk freelists:
   Non-Class:  56.00 KB
       Class:  0 bytes
        Both:  56.00 KB

CodeHeap 'non-profiled nmethods': size=120000Kb used=20Kb max_used=20Kb free=119979Kb
 bounds [0x00000174b9a30000, 0x00000174b9ca0000, 0x00000174c0f60000]
CodeHeap 'profiled nmethods': size=120000Kb used=118Kb max_used=118Kb free=119881Kb
 bounds [0x00000174b2500000, 0x00000174b2770000, 0x00000174b9a30000]
CodeHeap 'non-nmethods': size=5760Kb used=981Kb max_used=981Kb free=4778Kb
 bounds [0x00000174b1f60000, 0x00000174b21d0000, 0x00000174b2500000]
 total_blobs=321 nmethods=84 adapters=146
 compilation: enabled
              stopped_count=0, restarted_count=0
 full_count=0

Compilation events (0 events):
No events

GC Heap History (0 events):
No events

Deoptimization events (0 events):
No events

Classes redefined (0 events):
No events

Internal exceptions (0 events):
No events

Events (10 events):
Event: 0.059 loading class jdk/internal/misc/JavaLangAccess done
Event: 0.059 loading class java/lang/System$2 done
Event: 0.059 loading class java/lang/IllegalArgumentException
Event: 0.059 loading class java/lang/IllegalArgumentException done
Event: 0.059 Thread 0x00000174c7cae800 Thread added: 0x00000174c7cae800
Event: 0.059 Thread 0x00000174c7cb0800 Thread added: 0x00000174c7cb0800
Event: 0.060 Thread 0x00000174c7cb1000 Thread added: 0x00000174c7cb1000
Event: 0.060 Thread 0x00000174c7cbc000 Thread added: 0x00000174c7cbc000
Event: 0.060 Thread 0x00000174c7cc1000 Thread added: 0x00000174c7cc1000
Event: 0.060 loading class java/lang/invoke/MethodHandleStatics


Dynamic libraries:
0x00007ff7c2ff0000 - 0x00007ff7c3037000 	C:\Program Files\JetBrains\PhpStorm 2019.2.3\jbr\bin\java.exe
0x00007ffffdd10000 - 0x00007ffffdefd000 	C:\WINDOWS\SYSTEM32\ntdll.dll
0x00007ffffba20000 - 0x00007ffffbad3000 	C:\WINDOWS\System32\KERNEL32.DLL
0x00007ffffa060000 - 0x00007ffffa2f3000 	C:\WINDOWS\System32\KERNELBASE.dll
0x00007ffffb170000 - 0x00007ffffb307000 	C:\WINDOWS\System32\USER32.dll
0x00007ffff9eb0000 - 0x00007ffff9ed0000 	C:\WINDOWS\System32\win32u.dll
0x00007ffffbed0000 - 0x00007ffffbef9000 	C:\WINDOWS\System32\GDI32.dll
0x00007ffffad20000 - 0x00007ffffaeba000 	C:\WINDOWS\System32\gdi32full.dll
0x00007ffffa300000 - 0x00007ffffa3a0000 	C:\WINDOWS\System32\msvcp_win.dll
0x00007ffff9db0000 - 0x00007ffff9eac000 	C:\WINDOWS\System32\ucrtbase.dll
0x00007ffff0150000 - 0x00007ffff03c9000 	C:\WINDOWS\WinSxS\amd64_microsoft.windows.common-controls_6595b64144ccf1df_6.0.17763.292_none_05b137b40722e6bb\COMCTL32.dll
0x00007ffffb500000 - 0x00007ffffb59e000 	C:\WINDOWS\System32\msvcrt.dll
0x00007ffffbaf0000 - 0x00007ffffbe1d000 	C:\WINDOWS\System32\combase.dll
0x00007ffffb3d0000 - 0x00007ffffb4f2000 	C:\WINDOWS\System32\RPCRT4.dll
0x00007ffff9fe0000 - 0x00007ffffa05e000 	C:\WINDOWS\System32\bcryptPrimitives.dll
0x00007ffffb140000 - 0x00007ffffb16e000 	C:\WINDOWS\System32\IMM32.DLL
0x00007fffdff20000 - 0x00007fffdff37000 	C:\Program Files\JetBrains\PhpStorm 2019.2.3\jbr\bin\vcruntime140.dll
0x00007fffcfe40000 - 0x00007fffcfedd000 	C:\Program Files\JetBrains\PhpStorm 2019.2.3\jbr\bin\msvcp140.dll
0x00007fffa7b30000 - 0x00007fffa85e8000 	C:\Program Files\JetBrains\PhpStorm 2019.2.3\jbr\bin\server\jvm.dll
0x00007ffffdb40000 - 0x00007ffffdbe3000 	C:\WINDOWS\System32\ADVAPI32.dll
0x00007ffffbe20000 - 0x00007ffffbebe000 	C:\WINDOWS\System32\sechost.dll
0x00007ffffbec0000 - 0x00007ffffbec8000 	C:\WINDOWS\System32\PSAPI.DLL
0x00007ffff3ea0000 - 0x00007ffff3eaa000 	C:\WINDOWS\SYSTEM32\VERSION.dll
0x00007fffd9330000 - 0x00007fffd9339000 	C:\WINDOWS\SYSTEM32\WSOCK32.dll
0x00007ffff8090000 - 0x00007ffff80b4000 	C:\WINDOWS\SYSTEM32\WINMM.dll
0x00007ffffd920000 - 0x00007ffffd98d000 	C:\WINDOWS\System32\WS2_32.dll
0x00007ffff8030000 - 0x00007ffff805d000 	C:\WINDOWS\SYSTEM32\winmmbase.dll
0x00007ffffaec0000 - 0x00007ffffaf0a000 	C:\WINDOWS\System32\cfgmgr32.dll
0x00007ffff9ce0000 - 0x00007ffff9cf1000 	C:\WINDOWS\System32\kernel.appcore.dll
0x00007fffaead0000 - 0x00007fffaeae1000 	C:\Program Files\JetBrains\PhpStorm 2019.2.3\jbr\bin\verify.dll
0x00007fffe8d00000 - 0x00007fffe8eed000 	C:\WINDOWS\SYSTEM32\DBGHELP.DLL
0x00007fffe7ad0000 - 0x00007fffe7afa000 	C:\WINDOWS\SYSTEM32\dbgcore.DLL
0x00007fffaeaa0000 - 0x00007fffaeac9000 	C:\Program Files\JetBrains\PhpStorm 2019.2.3\jbr\bin\java.dll
0x00007fffaea80000 - 0x00007fffaea97000 	C:\Program Files\JetBrains\PhpStorm 2019.2.3\jbr\bin\zip.dll
0x00007fffaea70000 - 0x00007fffaea7b000 	C:\Program Files\JetBrains\PhpStorm 2019.2.3\jbr\bin\jimage.dll
0x00007ffffbfb0000 - 0x00007ffffd49f000 	C:\WINDOWS\System32\SHELL32.dll
0x00007ffffb310000 - 0x00007ffffb3b8000 	C:\WINDOWS\System32\shcore.dll
0x00007ffffa580000 - 0x00007ffffacca000 	C:\WINDOWS\System32\windows.storage.dll
0x00007ffff9d20000 - 0x00007ffff9d44000 	C:\WINDOWS\System32\profapi.dll
0x00007ffff9d50000 - 0x00007ffff9dad000 	C:\WINDOWS\System32\powrprof.dll
0x00007ffffdc50000 - 0x00007ffffdca2000 	C:\WINDOWS\System32\shlwapi.dll
0x00007ffffad00000 - 0x00007ffffad17000 	C:\WINDOWS\System32\cryptsp.dll

dbghelp: loaded successfully - version: 4.0.5 - missing functions: none
symbol engine: initialized successfully - sym options: 0x614 - pdb path: .;C:\Program Files\JetBrains\PhpStorm 2019.2.3\jbr\bin;C:\WINDOWS\SYSTEM32;C:\WINDOWS\WinSxS\amd64_microsoft.windows.common-controls_6595b64144ccf1df_6.0.17763.292_none_05b137b40722e6bb;C:\Program Files\JetBrains\PhpStorm 2019.2.3\jbr\bin\server

VM Arguments:
java_command: org.jetbrains.git4idea.nativessh.GitNativeSshAskPassApp dut19_groupe2@172.31.146.100's password: 
java_class_path (initial): C:/Program Files/JetBrains/PhpStorm 2019.2.3/plugins/git4idea/lib/git4idea-rt.jar;C:/Program Files/JetBrains/PhpStorm 2019.2.3/lib/xmlrpc-2.0.1.jar;C:/Program Files/JetBrains/PhpStorm 2019.2.3/lib/commons-codec-1.13.jar;C:/Program Files/JetBrains/PhpStorm 2019.2.3/lib/util.jar
Launcher Type: SUN_STANDARD

[Global flags]
     intx CICompilerCount                          = 4                                         {product} {ergonomic}
     uint ConcGCThreads                            = 2                                         {product} {ergonomic}
     uint G1ConcRefinementThreads                  = 8                                         {product} {ergonomic}
   size_t G1HeapRegionSize                         = 1048576                                   {product} {ergonomic}
    uintx GCDrainStackTargetSize                   = 64                                        {product} {ergonomic}
   size_t InitialHeapSize                          = 100663296                                 {product} {ergonomic}
   size_t MarkStackSize                            = 4194304                                   {product} {ergonomic}
   size_t MaxHeapSize                              = 1598029824                                {product} {ergonomic}
   size_t MaxNewSize                               = 958398464                                 {product} {ergonomic}
   size_t MinHeapDeltaBytes                        = 1048576                                   {product} {ergonomic}
    uintx NonNMethodCodeHeapSize                   = 5835340                                {pd product} {ergonomic}
    uintx NonProfiledCodeHeapSize                  = 122911450                              {pd product} {ergonomic}
    uintx ProfiledCodeHeapSize                     = 122911450                              {pd product} {ergonomic}
    uintx ReservedCodeCacheSize                    = 251658240                              {pd product} {ergonomic}
     bool SegmentedCodeCache                       = true                                      {product} {ergonomic}
     bool UseCompressedClassPointers               = true                                 {lp64_product} {ergonomic}
     bool UseCompressedOops                        = true                                 {lp64_product} {ergonomic}
     bool UseG1GC                                  = true                                      {product} {ergonomic}
     bool UseLargePagesIndividualAllocation        = false                                  {pd product} {ergonomic}

Logging:
Log output configuration:
 #0: stdout all=warning uptime,level,tags
 #1: stderr all=off uptime,level,tags

Environment Variables:
PATH=C:\Program Files (x86)\Git\mingw32\libexec\git-core;C:\Program Files (x86)\Git\mingw32\bin;C:\Program Files (x86)\Git\usr\bin;C:\Users\asus\bin;C:\Program Files (x86)\Common Files\Intel\Shared Libraries\redist\intel64\compiler;C:\ProgramData\Oracle\Java\javapath;C:\WINDOWS\system32;C:\WINDOWS;C:\WINDOWS\System32\Wbem;C:\WINDOWS\System32\WindowsPowerShell\v1.0;C:\Program Files (x86)\GtkSharp\2.12\bin;C:\Program Files (x86)\NVIDIA Corporation\PhysX\Common;C:\WINDOWS\system32;C:\WINDOWS;C:\WINDOWS\System32\Wbem;C:\WINDOWS\System32\WindowsPowerShell\v1.0;C:\WINDOWS\System32\OpenSSH;D:\Program Files (x86)\Brackets\command;C:\Program Files\nodejs;C:\Users\asus\AppData\Local\Microsoft\WindowsApps;C:\Users\asus\AppData\Local\GitHubDesktop\bin;C:\Users\asus\AppData\Roaming\npm;D:\wamp64\bin\php\php5.6.40;C:\Program Files\JetBrains\PhpStorm 2019.2.3\bin
USERNAME=asus
DISPLAY=:0.0
OS=Windows_NT
PROCESSOR_IDENTIFIER=Intel64 Family 6 Model 58 Stepping 9, GenuineIntel



---------------  S Y S T E M  ---------------

OS: Windows 10 , 64 bit Build 17763 (10.0.17763.292)

CPU:total 8 (initial active 8) (4 cores per cpu, 2 threads per core) family 6 model 58 stepping 9, cmov, cx8, fxsr, mmx, sse, sse2, sse3, ssse3, sse4.1, sse4.2, popcnt, avx, aes, clmul, erms, ht, tsc, tscinvbit, tscinv

Memory: 4k page, system-wide physical 6095M (832M free)
TotalPageFile size 10623M (AvailPageFile size 62M)
current process WorkingSet (physical memory assigned to process): 28M, peak: 28M
current process commit charge ("private bytes"): 167M, peak: 167M

vm_info: OpenJDK 64-Bit Server VM (11.0.4+10-b304.77) for windows-amd64 JRE (11.0.4+10-b304.77), built on Oct 10 2019 15:02:36 by "" with MS VC++ 14.0 (VS2015)

END.
